Running: C:\Xilinx\14.7\ISE_DS\ISE\bin\nt\unwrapped\fuse.exe -intstyle ise -incremental -o C:/Users/Andres/Desktop/usb/pro2/procesador2/tbProcesador_isim_beh.exe -prj C:/Users/Andres/Desktop/usb/pro2/procesador2/tbProcesador_beh.prj work.tbProcesador 
ISim P.20131013 (signature 0x8ef4fb42)
Number of CPUs detected in this system: 1
Turning on mult-threading, number of parallel sub-compilation jobs: 0 
Determining compilation order of HDL files
Parsing VHDL file "C:/Users/Andres/Desktop/usb/pro2/procesador2/WindowsManager.vhd" into library work
Parsing VHDL file "C:/Users/Andres/Desktop/usb/pro2/procesador2/UnidadControl.vhd" into library work
Parsing VHDL file "C:/Users/Andres/Desktop/usb/pro2/procesador2/sumador32.vhd" into library work
Parsing VHDL file "C:/Users/Andres/Desktop/usb/pro2/procesador2/RegisterFile.vhd" into library work
Parsing VHDL file "C:/Users/Andres/Desktop/usb/pro2/procesador2/PSRM.vhd" into library work
Parsing VHDL file "C:/Users/Andres/Desktop/usb/pro2/procesador2/PSR.vhd" into library work
Parsing VHDL file "C:/Users/Andres/Desktop/usb/pro2/procesador2/ProgramCounter.vhd" into library work
Parsing VHDL file "C:/Users/Andres/Desktop/usb/pro2/procesador2/NProgramCounter.vhd" into library work
Parsing VHDL file "C:/Users/Andres/Desktop/usb/pro2/procesador2/multiplexor32.vhd" into library work
Parsing VHDL file "C:/Users/Andres/Desktop/usb/pro2/procesador2/InstructionMemory.vhd" into library work
Parsing VHDL file "C:/Users/Andres/Desktop/usb/pro2/procesador2/extensionSigno.vhd" into library work
Parsing VHDL file "C:/Users/Andres/Desktop/usb/pro2/procesador2/ALU.vhd" into library work
Parsing VHDL file "C:/Users/Andres/Desktop/usb/pro2/procesador2/Procesador.vhd" into library work
Parsing VHDL file "C:/Users/Andres/Desktop/usb/pro2/procesador2/tbProcesador.vhd" into library work
Starting static elaboration
WARNING:HDLCompiler:1196 - "C:/Users/Andres/Desktop/usb/pro2/procesador2/InstructionMemory.vhd" Line 27: Readline called past the end of file romfile
Completed static elaboration
Fuse Memory Usage: 100828 KB
Fuse CPU Usage: 765 ms
Compiling package standard
Compiling package std_logic_1164
Compiling package std_logic_arith
Compiling package std_logic_unsigned
Compiling package textio
Compiling package numeric_std
Compiling architecture behavioral of entity PSRM [psrm_default]
Compiling architecture behavioral of entity PSR [psr_default]
Compiling architecture behavioral of entity WindowsManager [windowsmanager_default]
Compiling architecture behavioral of entity NProgramCounter [nprogramcounter_default]
Compiling architecture behavioral of entity ProgramCounter [programcounter_default]
Compiling architecture behavioral of entity sumador32 [sumador32_default]
Compiling architecture behavioral of entity InstructionMemory [instructionmemory_default]
Compiling architecture behavioral of entity UnidadControl [unidadcontrol_default]
Compiling architecture behavioral of entity RegisterFile [registerfile_default]
Compiling architecture behavioral of entity extensionSigno [extensionsigno_default]
Compiling architecture behavioral of entity multiplexor32 [multiplexor32_default]
Compiling architecture behavioral of entity ALU [alu_default]
Compiling architecture behavioral of entity Procesador [procesador_default]
Compiling architecture behavior of entity tbprocesador
Time Resolution for simulation is 1ps.
Compiled 33 VHDL Units
Built simulation executable C:/Users/Andres/Desktop/usb/pro2/procesador2/tbProcesador_isim_beh.exe
Fuse Memory Usage: 120844 KB
Fuse CPU Usage: 1436 ms
