Command line:
   tbWM_isim_beh.exe
     -simmode  gui
     -simrunnum  0
     -socket  3325

Tue Apr 25 21:50:10 2017


 Elaboration Time: 0.109375 sec

 Current Memory Usage: 647.098 Meg

 Total Signals          : 24
 Total Nets             : 47
 Total Signal Drivers   : 14
 Total Blocks           : 5
 Total Primitive Blocks : 4
 Total Processes        : 6
 Total Traceable Variables  : 10
 Total Scalar Nets and Variables : 425
Total Line Count : 35

 Total Simulation Time: 0.1875 sec

 Current Memory Usage: 961.671 Meg

Tue Apr 25 21:51:40 2017

